<?xml version="1.0" encoding="UTF-8"?>
<testsuites>
  <testsuite name="proposal_creation" timestamp="2017-06-19T12:21:07" time="0.056" tests="0" failures="0" errors="0" skipped="0">
    <properties>
      <property name="specId" value="cffe7e2cd5c6364ee88459524b1cde50"/>
      <property name="suiteName" value="Proposal Creation"/>
      <property name="capabilities" value="internetexplorer"/>
      <property name="file" value="./src/experimental/specs.ts"/>
    </properties>
  </testsuite>
  <testsuite name="7_0_1_create_a_proposal" timestamp="2017-06-19T12:21:07" time="0.041" tests="3" failures="0" errors="0" skipped="0">
    <properties>
      <property name="specId" value="cffe7e2cd5c6364ee88459524b1cde50"/>
      <property name="suiteName" value="7.0.1 - Create a proposal"/>
      <property name="capabilities" value="internetexplorer"/>
      <property name="file" value="./src/experimental/specs.ts"/>
    </properties>
    <testcase classname="internetexplorer.7_0_1_create_a_proposal" name="given_an_administrator_opens_the_proposals_page_and_the_admin_is_older_than_18_when_the_administrator_hits_the_create_proposal_button_then_the_created_proposal_should_be_displayed_in_the_proposal_manager_table" time="0.025"/>
    <testcase classname="internetexplorer.7_0_1_create_a_proposal" name="given_an_administrator_opens_the_proposals_page_and_the_admin_is_older_than_18_when_the_administrator_hits_the_create_proposal_button_and_the_admin_filters_by_today_s_date_then_only_proposal_s_last_edited_today_should_be_displayed" time="0.009"/>
    <testcase classname="internetexplorer.7_0_1_create_a_proposal" name="given_an_administrator_opens_the_proposals_page_and_the_admin_is_younger_than_18_when_the_admin_hits_the_xxx_logo_then_nothing_should_be_displayed" time="0.006"/>
  </testsuite>
</testsuites>