<?xml version="1.0" encoding="UTF-8"?>
<testsuites>
  <testsuite name="duckduckgo_search" timestamp="2017-06-19T09:45:20" time="1.032" tests="1" failures="0" errors="1" skipped="0">
    <properties>
      <property name="specId" value="0b20b9bde127ad7be706df8c12c7a5dd"/>
      <property name="suiteName" value="DuckDuckGo search"/>
      <property name="capabilities" value="internetexplorer"/>
      <property name="file" value="./src/example.spec.ts"/>
    </properties>
    <testcase classname="internetexplorer.duckduckgo_search" name="its_alright" time="1.031">
      <error message="Expected 'DuckDuckGo' to equal 'WebdriverIO at DuckDuckGo'."/>
      <system-err>
        <![CDATA[
Error: Expected 'DuckDuckGo' to equal 'WebdriverIO at DuckDuckGo'.
    at Object.it (/home/fh0045/peterpan/frontend/test/workflo/src/example.spec.ts:8:19)
]]>
      </system-err>
    </testcase>
  </testsuite>
</testsuites>