<?xml version="1.0" encoding="UTF-8"?>
<testsuites>
  <testsuite name="duckduckgo_search" timestamp="2017-06-19T09:45:42" time="1.128" tests="1" failures="0" errors="0" skipped="0">
    <properties>
      <property name="specId" value="0b20b9bde127ad7be706df8c12c7a5dd"/>
      <property name="suiteName" value="DuckDuckGo search"/>
      <property name="capabilities" value="internetexplorer"/>
      <property name="file" value="./src/example.spec.ts"/>
    </properties>
    <testcase classname="internetexplorer.duckduckgo_search" name="its_alright" time="1.128"/>
  </testsuite>
</testsuites>