<?xml version="1.0" encoding="UTF-8"?>
<testsuites>
  <testsuite name="login_as_admin" timestamp="2017-06-20T12:31:39" time="0.058" tests="1" failures="0" errors="0" skipped="0">
    <properties>
      <property name="specId" value="ee1dae5e8ae742f1c1e2f6c9d3a5bb65"/>
      <property name="suiteName" value="login as admin"/>
      <property name="capabilities" value="internetexplorer"/>
      <property name="file" value="./src/experimental/helloworld.ts"/>
    </properties>
    <testcase classname="internetexplorer.login_as_admin" name="variable_vars_and_logout" time="0.024"/>
  </testsuite>
  <testsuite name="logout" timestamp="2017-06-20T12:31:39" time="0.024" tests="1" failures="0" errors="0" skipped="0">
    <properties>
      <property name="specId" value="ee1dae5e8ae742f1c1e2f6c9d3a5bb65"/>
      <property name="suiteName" value="logout"/>
      <property name="capabilities" value="internetexplorer"/>
      <property name="file" value="./src/experimental/helloworld.ts"/>
    </properties>
    <testcase classname="internetexplorer.logout" name="variable_vars" time="0.023"/>
  </testsuite>
</testsuites>